#02所有进程修改/bin、/lib目录下的elf文件
cp: cannot create regular file `/lib/liblogin_restrict_linux.so': Permission denied
./sys-ver20181203.sh: line 52: echo: write error: Permission denied
./sys-ver20181203.sh: line 53: echo: write error: Permission denied
/opt/elf/nginx: write error: Permission denied
/opt/elf/nginx: write error: Permission denied
#03不信任进程删除文件
/opt/elf/apache2: cannot remove `/etc/profile': Permission denied
/opt/elf/apache2: cannot remove `/etc/ssh/sshd_config': Permission denied
/opt/elf/apache2: cannot remove `/etc/syslog.conf': Permission denied
#04所有进程删除/etc/pam.d/下的文件
/opt/elf/apache2: cannot remove `/etc/pam.d/sshd': Permission denied
/opt/elf/apache2: cannot remove `/etc/pam.d/common-password': Permission denied
/opt/elf/apache2: cannot remove `/etc/pam.d/cron': Permission denied
/opt/elf/apache2: cannot remove `/etc/pam.d/atd': Permission denied
/opt/elf/apache2: cannot remove `/etc/pam.d/ppp': Permission denied
/opt/elf/apache2: cannot remove `/etc/pam.d/common-account': Permission denied
/opt/elf/apache2: cannot remove `/etc/pam.d/su': Permission denied
/opt/elf/apache2: cannot remove `/etc/pam.d/common-auth': Permission denied
/opt/elf/apache2: cannot remove `/etc/pam.d/common-session': Permission denied
/opt/elf/apache2: cannot remove `/etc/pam.d/chfn': Permission denied
/opt/elf/apache2: cannot remove `/etc/pam.d/other': Permission denied
/opt/elf/apache2: cannot remove `/etc/pam.d/chsh': Permission denied
/opt/elf/apache2: cannot remove `/etc/pam.d/passwd': Permission denied
/opt/elf/apache2: cannot remove `/etc/pam.d/login': Permission denied
/opt/elf/apache2: cannot remove `/etc/pam.d/sudo': Permission denied
#05所有进程删除boot目录下的文件
#06添加系统启动项
touch: cannot touch `/etc/init.d/test': Permission denied
touch: cannot touch `/etc/rc0.d/test': Permission denied
touch: cannot touch `/etc/rc1.d/test': Permission denied
touch: cannot touch `/etc/rc2.d/test': Permission denied
touch: cannot touch `/etc/rc3.d/test': Permission denied
touch: cannot touch `/etc/rc4.d/test': Permission denied
touch: cannot touch `/etc/rc5.d/test': Permission denied
touch: cannot touch `/etc/rc6.d/test': Permission denied
#07创建定时任务脚本,告警不拦截
/opt/elf/php: cannot touch `/var/spool/cron/tom': Permission denied
/opt/elf/php: cannot touch `/etc/cron.d/abc': Permission denied
#09程序自我复制
pass
#10 禁止对外服务进程修改系统日志
/opt/elf/apache2: cannot remove `/root/.bash_history': Permission denied
#13/bin目录创建隐藏文件夹
/opt/elf/mysqld: cannot create directory `/bin/.test': Permission denied
#14创建密码文件软连接
ln: creating symbolic link `/root/passwd': Permission denied
ln: creating symbolic link `/root/shadow': Permission denied
#16禁止对外服务进程编译.c文件 手工验证
#17 netcate进程创建shell 手工验证
#18netcat进程访问(读,写)管道 手工验证
#20不信任进程创建、修改免密码登录文件：authorized_keys
#21启动进程，/dev/shm,/run/shm目录里的进程
./sys-ver20181203.sh: line 168: /dev/shm/ls: Permission denied
./sys-ver20181203.sh: line 172: /run/shm/ls: No such file or directory
#22不信任进程创建elf文件
pass
